<?xml version="1.0" encoding="UTF-8"?>
<testsuite name="dev.fegaeze.StudentTest" tests="1" skipped="0" failures="0" errors="0" timestamp="2021-10-03T13:19:28" hostname="Chiomas-MacBook-Pro.local" time="0.005">
  <properties/>
  <testcase name="testKarliTakesMath" classname="dev.fegaeze.StudentTest" time="0.005"/>
  <system-out><![CDATA[]]></system-out>
  <system-err><![CDATA[]]></system-err>
</testsuite>
